var a ;
undefined
typeof(a);
"undefined"
a=10;
10
typeof(a);
"number"
a=1000000;
1000000
typeof(a);
"number"
a=100.20;
100.2
typeof(a);
"number"
a="Amit";
"Amit"
typeof(a);
"string"
a='A';
"A"
typeof(a);
"string"
a='Amit';
"Amit"
typeof(a);
"string"
a=`fsjhfgjhsdshjgfhsdfg
gsd
gdf
g
gdfdf
gd
g
dfg
fdg
df
`;
"fsjhfgjhsdshjgfhsdfg
gsd
gdf
g
gdfdf
gd
g
dfg
fdg
df
"
typeof(a);
"string"
var a = 100;
undefined
var b = 200;
undefined
var c = a + b;
undefined
c;
300
console.log("A is "+a+" B is "+b+" C is "+c);
VM1249:1 A is 100 B is 200 C is 300
undefined
console.log(`A is ${a} and b is ${b} and c is ${c}`);
VM1350:1 A is 100 and b is 200 and c is 300
undefined
a=100/0;
Infinity
typeof(a);
"number"
a= 100;
100
b = "100";
"100"
a + b;
"100100"
a + parseInt(b);
200
a+ Number(b);
200
b = "100.20";
"100.20"
a+ Number(b);
200.2
typeof(parseInt);
"function"
typeof(Number);
"function"
window;
Window {postMessage: ƒ, blur: ƒ, focus: ƒ, close: ƒ, frames: Window, …}
typeof(window);
"object"
window instanceof Window;
true
typeof(Window);
"function"
a-b;
-0.20000000000000284
a;
100
b;
"100.20"
b="100";
"100"
a-b;
0
a*b;
10000
a/b;
1
a**b;
1.0000000000000005e+200
a;
100
b;
"100"
b="Amit";
"Amit"
c= a-b;
NaN
typeof(c);
"number"
isNaN(c)?0:100;
0
a=100/0;
Infinity
isFinite(a);
false
a=100;
100
b = "100";
"100"
b-0+a;
200
a= "Let's Do It";
"Let's Do It"
a = true;
true
typeof(a);
"boolean"
100+a;
101
var emp = {id:1001,name:'Ram', salary:99999};
undefined
typeof(emp);
"object"
emp instanceof Object;
true
typeof(Object);
"function"
window instanceof Window;
true
window instanceof Object;
true
delete emp.name;
true
emp;
{id: 1001, salary: 99999}
function test(){
console.log("this is test ");
}
undefined
window.test();
VM3422:2 this is test 
undefined
test();
VM3422:2 this is test 
undefined
emp.id;
1001
var key = "id";
undefined
typeof(key);
"string"
emp[key];
1001
key="name";
"name"
emp[key];
undefined
key="salary";
"salary"
emp[key];
99999
var a =[10,20,30,40,50];
undefined
typeof(a);
"object"
a instanceof Array;
true
a instanceof Object;
true
a= ["100",20,true, {id:1001,name:'Ram'}];
(4) ["100", 20, true, {…}]
function show(){
console.log("i is ",i);
for(let i=0;i<a.length; i++){

}
console.log("i is ",i);
}
undefined
show();
VM4599:2 Uncaught ReferenceError: i is not defined
    at show (<anonymous>:2:21)
    at <anonymous>:1:1
show @ VM4599:2
(anonymous) @ VM4606:1
function show(){
console.log("i is ",i);
for(var i=0;i<a.length; i++){

}
console.log("i is ",i);
}
undefined
show();
VM4627:2 i is  undefined
VM4627:6 i is  4
undefined
a;
(4) ["100", 20, true, {…}]
for(let i of a){
console.log(i);
}
VM4749:2 100
VM4749:2 20
VM4749:2 true
VM4749:2 {id: 1001, name: "Ram"}
undefined
function add(){
console.log("Add call ");
}
undefined
var r = add;
undefined
typeof(r);
"function"
r();
VM4810:2 Add call 
undefined
function add(){
console.log("I am Add ");
}
undefined
add();
VM5258:2 I am Add 
undefined
add(10,20);
VM5258:2 I am Add 
undefined
add([10,20],"abcd",true);
VM5258:2 I am Add 
undefined
console.dir(add);
VM5457:1 ƒ add()arguments: nullcaller: nulllength: 0name: "add"prototype: constructor: ƒ add()__proto__: constructor: ƒ Object()hasOwnProperty: ƒ hasOwnProperty()isPrototypeOf: ƒ isPrototypeOf()propertyIsEnumerable: ƒ propertyIsEnumerable()toLocaleString: ƒ toLocaleString()toString: ƒ toString()valueOf: ƒ valueOf()__defineGetter__: ƒ __defineGetter__()__defineSetter__: ƒ __defineSetter__()__lookupGetter__: ƒ __lookupGetter__()__lookupSetter__: ƒ __lookupSetter__()get __proto__: ƒ __proto__()set __proto__: ƒ __proto__()__proto__: ƒ ()apply: ƒ apply()arguments: (...)bind: ƒ bind()call: ƒ call()caller: (...)constructor: ƒ Function()length: 0name: ""toString: ƒ toString()Symbol(Symbol.hasInstance): ƒ [Symbol.hasInstance]()get arguments: ƒ ()set arguments: ƒ ()get caller: ƒ ()set caller: ƒ ()__proto__: Object[[FunctionLocation]]: <unknown>[[Scopes]]: Scopes[0][[FunctionLocation]]: VM5258:1[[Scopes]]: Scopes[1]
undefined
function add(){
console.log("I am Add ",arguments.length);
}
undefined
add([10,20],"abcd",true);
VM6117:2 I am Add  3
undefined
function add(){
var sum = 0;
for(let i = 0; i<arguments.length; i++){
sum+=parseInt(arguments[i]);
}
return sum;
//console.log("I am Add ",arguments.length);
}
undefined
add();
0
add(10,20);
30
add(10,20,"30","90",100);
250
function test(...a){
var sum = 0;
for(let i = 0; i<a.length; i++){
sum+=parseInt(a[i]);
}
return sum;
}
undefined
test(10,20,30,40,50);
150
var e = [10,20,30];
undefined
var x = [90,100,20];
undefined
var b = [e,x];
undefined
b;
(2) [Array(3), Array(3)]0: (3) [10, 20, 30]1: (3) [90, 100, 20]length: 2__proto__: Array(0)
b =[...e,...x];
(6) [10, 20, 30, 90, 100, 20]
b;
(6) [10, 20, 30, 90, 100, 20]
var obj = {id:1001,name:'ram',salary:9999};
undefined
var obj2 = {hra:999,da:222};
undefined
var obj3 = {...obj, ...obj2};
undefined
obj3;
{id: 1001, name: "ram", salary: 9999, hra: 999, da: 222}
function payroll(salary){

const hra = function(){
return salary * 0.30;
}
const da = function(){
return salary * 0.20;
}
const ta = function(){
return salary * 0.10;
}
return [hra,da,ta];
}
undefined
var x = payroll(9000);
undefined
x;
(3) [ƒ, ƒ, ƒ]0: ƒ ()arguments: nullcaller: nulllength: 0name: "hra"prototype: {constructor: ƒ}__proto__: ƒ ()[[FunctionLocation]]: VM7301:3[[Scopes]]: Scopes[2]1: ƒ ()2: ƒ ()length: 3__proto__: Array(0)
x[0]();
2700
x[1]();
1800
function payroll(salary){

const hra = function hra(){
return salary * 0.30;
}
const da = function da(){
return salary * 0.20;
}
const ta = function ta(){
return salary * 0.10;
}
return [hra,da,ta];
}
undefined
var x = payroll(9000);
undefined
x;
(3) [ƒ, ƒ, ƒ]0: ƒ hra()1: ƒ da()2: ƒ ta()length: 3__proto__: Array(0)
const addition = (x,y)=>x+y;
undefined
typeof (addition);
"function"
addition(10,20);
30
const addition2 = (x,y)=>{
console.log(`X is ${x} and Y is ${y}`);
return x+y;
}
undefined
addition2(10,2);
VM8151:2 X is 10 and Y is 2
12
window.add;
ƒ add(){
var sum = 0;
for(let i = 0; i<arguments.length; i++){
sum+=parseInt(arguments[i]);
}
return sum;
//console.log("I am Add ",arguments.length);
}
var mathOperations = {
add(){
console.log("Add in Math Opr ");
}
};
undefined
mathOperations.add();
VM8661:3 Add in Math Opr 
undefined
add(10,20);
30
window.add(10,20);
30
mathOperations.add();
VM8661:3 Add in Math Opr 
undefined
window.mathOperations.add();
VM8661:3 Add in Math Opr 
undefined
var countObject = {
count:0,
countDown(){
this.count++;
return this.count;
}
}
undefined
countObject.countDown();
1
countObject.countDown();
2
countObject.countDown();
3
countObject.countDown();
4
countObject.countDown();
5
countObject.count;
5
countObject.count=-10;
-10
countObject.countDown();
-9
countObject.countDown();
-8
countObject.countDown();
-7
function initCount(){
var count = 0;
var countDown = function(){
return ++count;
}
return countDown;
}
undefined
var e = initCount();
undefined
e;
ƒ (){
return ++count;
}
typeof(e);
"function"
e();
1
e();
2
e();
3
e();
4
var t = (function (){
var count = 0;
var countDown = function(){
return ++count;
}
return countDown;
})();
undefined
t;
ƒ (){
return ++count;
}
t();
1
t();
2
x = [10,20,30,40,50,60,60,50,10];
(9) [10, 20, 30, 40, 50, 60, 60, 50, 10]
x.forEach(done);
function done(currentValue){
console.log(`Current Value is ${currentValue}`);
}
VM11201:3 Current Value is 10
VM11201:3 Current Value is 20
VM11201:3 Current Value is 30
VM11201:3 Current Value is 40
VM11201:3 Current Value is 50
VM11201:3 Current Value is 60
VM11201:3 Current Value is 60
VM11201:3 Current Value is 50
VM11201:3 Current Value is 10
undefined
function forEach(fn){
var x = [10,20,30,40,50];
for(let i of x){
	fn(i);
}
}
undefined
done;
ƒ done(currentValue){
console.log(`Current Value is ${currentValue}`);
}
forEach(done);
VM11201:3 Current Value is 10
VM11201:3 Current Value is 20
VM11201:3 Current Value is 30
VM11201:3 Current Value is 40
VM11201:3 Current Value is 50
undefined
forEach(y=>console.log(y));
VM11621:1 10
VM11621:1 20
VM11621:1 30
VM11621:1 40
VM11621:1 50
undefined
x.forEach(y=>console.log(y));
VM11686:1 10
VM11686:1 20
VM11686:1 30
VM11686:1 40
VM11686:1 50
VM11686:1 60
VM11686:1 60
VM11686:1 50
VM11686:1 10
undefined
x.find(y=>y==50);
50
x.find(y=>y==150);
undefined
x.findIndex(y=>y==50);
4
x.findIndex(y=>y==150);
-1
x.forEach((y,i)=>console.log(y," ",i));
VM12117:1 10 " " 0
VM12117:1 20 " " 1
VM12117:1 30 " " 2
VM12117:1 40 " " 3
VM12117:1 50 " " 4
VM12117:1 60 " " 5
VM12117:1 60 " " 6
VM12117:1 50 " " 7
VM12117:1 10 " " 8
undefined
x.forEach((y,i,arr)=>console.log(y," ",i," ",arr));
VM12235:1 10 " " 0 " " (9) [10, 20, 30, 40, 50, 60, 60, 50, 10]
VM12235:1 20 " " 1 " " (9) [10, 20, 30, 40, 50, 60, 60, 50, 10]
VM12235:1 30 " " 2 " " (9) [10, 20, 30, 40, 50, 60, 60, 50, 10]
VM12235:1 40 " " 3 " " (9) [10, 20, 30, 40, 50, 60, 60, 50, 10]
VM12235:1 50 " " 4 " " (9) [10, 20, 30, 40, 50, 60, 60, 50, 10]
VM12235:1 60 " " 5 " " (9) [10, 20, 30, 40, 50, 60, 60, 50, 10]
VM12235:1 60 " " 6 " " (9) [10, 20, 30, 40, 50, 60, 60, 50, 10]
VM12235:1 50 " " 7 " " (9) [10, 20, 30, 40, 50, 60, 60, 50, 10]
VM12235:1 10 " " 8 " " (9) [10, 20, 30, 40, 50, 60, 60, 50, 10]
undefined
x.filter(y=>y==60);
(2) [60, 60]
x.filter(y=>y>=30);
(6) [30, 40, 50, 60, 60, 50]
x.sort((a,b)=>a-b);
(9) [10, 10, 20, 30, 40, 50, 50, 60, 60]
x.sort((a,b)=>b-a);
(9) [60, 60, 50, 50, 40, 30, 20, 10, 10]
"amit".localeCompare("anil");
-1
var names = ["amit","ram","anil","shyam"];
undefined
names.sort((a,b)=>a.localeCompare(b));
(4) ["amit", "anil", "ram", "shyam"]
x;
(9) [60, 60, 50, 50, 40, 30, 20, 10, 10]
z = x.map(y=>y*2);
(9) [120, 120, 100, 100, 80, 60, 40, 20, 20]
z;
(9) [120, 120, 100, 100, 80, 60, 40, 20, 20]
x;
(9) [60, 60, 50, 50, 40, 30, 20, 10, 10]
var obj = {
arr:[5,11,10,20,131,40,50],
evenArr:[],
even(){
this.arr.forEach(function(currentValue){
	if(currentValue%2==0){
		this.evenArr.push(currentValue);    
}
})
}

}
undefined
obj.even();
VM13328:7 Uncaught TypeError: Cannot read property 'push' of undefined
    at <anonymous>:7:16
    at Array.forEach (<anonymous>)
    at Object.even (<anonymous>:5:10)
    at <anonymous>:1:5
(anonymous) @ VM13328:7
even @ VM13328:5
(anonymous) @ VM13349:1
var arr = [];
undefined
arr.push(100);
1
arr;
[100]
var tt ;
undefined
tt.push(100);
VM13455:1 Uncaught TypeError: Cannot read property 'push' of undefined
    at <anonymous>:1:4
(anonymous) @ VM13455:1
var obj = {
arr:[5,11,10,20,131,40,50],
evenArr:[],
even(){
var that = this;
this.arr.forEach(function(currentValue){
	if(currentValue%2==0){
		that.evenArr.push(currentValue);    
}
})
}

}
undefined
obj.even();
undefined
obj.evenArr;
(4) [10, 20, 40, 50]
var obj = {
arr:[5,11,10,20,131,40,50],
evenArr:[],
even(){

this.arr.forEach(currentValue=>{
	if(currentValue%2==0){
		this.evenArr.push(currentValue);    
}
})
}

}
undefined
obj.evenArr=[];
[]
obj.even();
undefined
obj.evenArr;
(4) [10, 20, 40, 50]
